#
# There is insufficient memory for the Java Runtime Environment to continue.
# Native memory allocation (malloc) failed to allocate 32744 bytes for ChunkPool::allocate
# Possible reasons:
#   The system is out of physical RAM or swap space
#   In 32 bit mode, the process size limit was hit
# Possible solutions:
#   Reduce memory load on the system
#   Increase physical memory or swap space
#   Check if swap backing store is full
#   Use 64 bit Java on a 64 bit OS
#   Decrease Java heap size (-Xmx/-Xms)
#   Decrease number of Java threads
#   Decrease Java thread stack sizes (-Xss)
#   Set larger code cache with -XX:ReservedCodeCacheSize=
# This output file may be truncated or incomplete.
#
#  Out of Memory Error (allocation.cpp:273), pid=3984, tid=0x0000000000002004
#
# JRE version: OpenJDK Runtime Environment (8.0_152-b01) (build 1.8.0_152-release-1343-b01)
# Java VM: OpenJDK 64-Bit Server VM (25.152-b01 mixed mode windows-amd64 compressed oops)
# Failed to write core dump. Minidumps are not enabled by default on client versions of Windows
#

---------------  T H R E A D  ---------------

Current thread (0x000000001e230800):  JavaThread "C2 CompilerThread2" daemon [_thread_in_native, id=8196, stack(0x000000001ebf0000,0x000000001ecf0000)]

Stack: [0x000000001ebf0000,0x000000001ecf0000]
[error occurred during error reporting (printing stack bounds), id 0xc0000005]

Native frames: (J=compiled Java code, j=interpreted, Vv=VM code, C=native code)


Current CompileTask:
C2:  15558 2890       4       com.android.dx.ssa.LiteralOpUpgrader::tryReplacingWithConstant (161 bytes)


---------------  P R O C E S S  ---------------

Java Threads: ( => current thread )
  0x000000001e2c4000 JavaThread "Service Thread" daemon [_thread_blocked, id=12736, stack(0x000000001edf0000,0x000000001eef0000)]
  0x000000001e236800 JavaThread "C1 CompilerThread3" daemon [_thread_blocked, id=1312, stack(0x000000001ecf0000,0x000000001edf0000)]
=>0x000000001e230800 JavaThread "C2 CompilerThread2" daemon [_thread_in_native, id=8196, stack(0x000000001ebf0000,0x000000001ecf0000)]
  0x000000001e22f000 JavaThread "C2 CompilerThread1" daemon [_thread_in_native, id=7192, stack(0x000000001eaf0000,0x000000001ebf0000)]
  0x000000001e229800 JavaThread "C2 CompilerThread0" daemon [_thread_blocked, id=7024, stack(0x000000001e9f0000,0x000000001eaf0000)]
  0x000000001e228000 JavaThread "Attach Listener" daemon [_thread_blocked, id=7348, stack(0x000000001e8f0000,0x000000001e9f0000)]
  0x000000001e227000 JavaThread "Signal Dispatcher" daemon [_thread_blocked, id=14836, stack(0x000000001e7f0000,0x000000001e8f0000)]
  0x000000001e220800 JavaThread "Finalizer" daemon [_thread_blocked, id=3604, stack(0x000000001e600000,0x000000001e700000)]
  0x0000000002709000 JavaThread "Reference Handler" daemon [_thread_blocked, id=13440, stack(0x000000001e100000,0x000000001e200000)]
  0x000000000280e000 JavaThread "main" [_thread_in_Java, id=11320, stack(0x00000000024f0000,0x00000000025f0000)]

Other Threads:
  0x0000000002706800 VMThread [stack: 0x000000001e000000,0x000000001e100000] [id=7996]
  0x000000001e260800 WatcherThread [stack: 0x000000001eef0000,0x000000001eff0000] [id=8892]

VM state:not at safepoint (normal execution)

VM Mutex/Monitor currently owned by a thread: None

Heap:
 PSYoungGen      total 631296K, used 174525K [0x000000076ab00000, 0x00000007a2000000, 0x00000007c0000000)
  eden space 507392K, 9% used [0x000000076ab00000,0x000000076dc70628,0x0000000789a80000)
  from space 123904K, 99% used [0x0000000789a80000,0x000000079137f158,0x0000000791380000)
  to   space 160256K, 0% used [0x0000000798380000,0x0000000798380000,0x00000007a2000000)
 ParOldGen       total 509952K, used 354854K [0x00000006c0000000, 0x00000006df200000, 0x000000076ab00000)
  object space 509952K, 69% used [0x00000006c0000000,0x00000006d5a89b08,0x00000006df200000)
 Metaspace       used 6404K, capacity 7216K, committed 7296K, reserved 1056768K
  class space    used 590K, capacity 616K, committed 640K, reserved 1048576K

Card table byte_map: [0x0000000011bd0000,0x00000000123e0000] byte_map_base: 0x000000000e5d0000

Marking Bits: (ParMarkBitMap*) 0x00000000556e5aa0
 Begin Bits: [0x0000000013140000, 0x0000000017140000)
 End Bits:   [0x0000000017140000, 0x000000001b140000)

Polling page: 0x00000000006d0000

CodeCache: size=245760Kb used=10384Kb max_used=13254Kb free=235375Kb
 bounds [0x0000000002810000, 0x0000000003540000, 0x0000000011810000]
 total_blobs=2389 nmethods=2122 adapters=180
 compilation: enabled

Compilation events (10 events):
Event: 15.169 Thread 0x000000001e236800 2885       3       com.android.dx.rop.code.Rops::opIfGt (13 bytes)
Event: 15.169 Thread 0x000000001e236800 nmethod 2885 0x0000000002cbe850 code [0x0000000002cbe9c0, 0x0000000002cbeb48]
Event: 15.176 Thread 0x000000001e230800 2886       4       java.util.ArrayList$SubList::set (40 bytes)
Event: 15.177 Thread 0x000000001e230800 nmethod 2886 0x0000000003086490 code [0x00000000030865e0, 0x0000000003086778]
Event: 15.449 Thread 0x000000001e229800 2887       4       java.util.zip.ZipFile$ZipFileInflaterInputStream::finalize (5 bytes)
Event: 15.449 Thread 0x000000001e230800 2888       4       java.util.zip.ZipFile$ZipFileInputStream::finalize (5 bytes)
Event: 15.449 Thread 0x000000001e230800 nmethod 2888 0x0000000002d12c90 code [0x0000000002d12de0, 0x0000000002d12e68]
Event: 15.449 Thread 0x000000001e229800 nmethod 2887 0x0000000003280b10 code [0x0000000003280c60, 0x0000000003280ce8]
Event: 15.529 Thread 0x000000001e22f000 2889       4       java.util.DualPivotQuicksort::sort (1195 bytes)
Event: 15.548 Thread 0x000000001e230800 2890       4       com.android.dx.ssa.LiteralOpUpgrader::tryReplacingWithConstant (161 bytes)

GC Heap History (10 events):
Event: 10.929 GC heap before
{Heap before GC invocations=12 (full 2):
 PSYoungGen      total 493056K, used 456561K [0x000000076ab00000, 0x0000000790580000, 0x00000007c0000000)
  eden space 426496K, 100% used [0x000000076ab00000,0x0000000784b80000,0x0000000784b80000)
  from space 66560K, 45% used [0x0000000788c00000,0x000000078a95c790,0x000000078cd00000)
  to   space 57856K, 0% used [0x000000078cd00000,0x000000078cd00000,0x0000000790580000)
 ParOldGen       total 311296K, used 174401K [0x00000006c0000000, 0x00000006d3000000, 0x000000076ab00000)
  object space 311296K, 56% used [0x00000006c0000000,0x00000006caa50468,0x00000006d3000000)
 Metaspace       used 6388K, capacity 7216K, committed 7296K, reserved 1056768K
  class space    used 589K, capacity 616K, committed 640K, reserved 1048576K
Event: 11.010 GC heap after
Heap after GC invocations=12 (full 2):
 PSYoungGen      total 507392K, used 57825K [0x000000076ab00000, 0x0000000796a00000, 0x00000007c0000000)
  eden space 449536K, 0% used [0x000000076ab00000,0x000000076ab00000,0x0000000786200000)
  from space 57856K, 99% used [0x000000078cd00000,0x00000007905786f0,0x0000000790580000)
  to   space 109568K, 0% used [0x0000000786200000,0x0000000786200000,0x000000078cd00000)
 ParOldGen       total 311296K, used 208403K [0x00000006c0000000, 0x00000006d3000000, 0x000000076ab00000)
  object space 311296K, 66% used [0x00000006c0000000,0x00000006ccb84c40,0x00000006d3000000)
 Metaspace       used 6388K, capacity 7216K, committed 7296K, reserved 1056768K
  class space    used 589K, capacity 616K, committed 640K, reserved 1048576K
}
Event: 11.826 GC heap before
{Heap before GC invocations=13 (full 2):
 PSYoungGen      total 507392K, used 507361K [0x000000076ab00000, 0x0000000796a00000, 0x00000007c0000000)
  eden space 449536K, 100% used [0x000000076ab00000,0x0000000786200000,0x0000000786200000)
  from space 57856K, 99% used [0x000000078cd00000,0x00000007905786f0,0x0000000790580000)
  to   space 109568K, 0% used [0x0000000786200000,0x0000000786200000,0x000000078cd00000)
 ParOldGen       total 311296K, used 208403K [0x00000006c0000000, 0x00000006d3000000, 0x000000076ab00000)
  object space 311296K, 66% used [0x00000006c0000000,0x00000006ccb84c40,0x00000006d3000000)
 Metaspace       used 6389K, capacity 7216K, committed 7296K, reserved 1056768K
  class space    used 589K, capacity 616K, committed 640K, reserved 1048576K
Event: 11.911 GC heap after
Heap after GC invocations=13 (full 2):
 PSYoungGen      total 559104K, used 71236K [0x000000076ab00000, 0x0000000799880000, 0x00000007c0000000)
  eden space 449536K, 0% used [0x000000076ab00000,0x000000076ab00000,0x0000000786200000)
  from space 109568K, 65% used [0x0000000786200000,0x000000078a791210,0x000000078cd00000)
  to   space 113664K, 0% used [0x0000000792980000,0x0000000792980000,0x0000000799880000)
 ParOldGen       total 311296K, used 266300K [0x00000006c0000000, 0x00000006d3000000, 0x000000076ab00000)
  object space 311296K, 85% used [0x00000006c0000000,0x00000006d040f1e8,0x00000006d3000000)
 Metaspace       used 6389K, capacity 7216K, committed 7296K, reserved 1056768K
  class space    used 589K, capacity 616K, committed 640K, reserved 1048576K
}
Event: 11.911 GC heap before
{Heap before GC invocations=14 (full 3):
 PSYoungGen      total 559104K, used 71236K [0x000000076ab00000, 0x0000000799880000, 0x00000007c0000000)
  eden space 449536K, 0% used [0x000000076ab00000,0x000000076ab00000,0x0000000786200000)
  from space 109568K, 65% used [0x0000000786200000,0x000000078a791210,0x000000078cd00000)
  to   space 113664K, 0% used [0x0000000792980000,0x0000000792980000,0x0000000799880000)
 ParOldGen       total 311296K, used 266300K [0x00000006c0000000, 0x00000006d3000000, 0x000000076ab00000)
  object space 311296K, 85% used [0x00000006c0000000,0x00000006d040f1e8,0x00000006d3000000)
 Metaspace       used 6389K, capacity 7216K, committed 7296K, reserved 1056768K
  class space    used 589K, capacity 616K, committed 640K, reserved 1048576K
Event: 13.202 GC heap after
Heap after GC invocations=14 (full 3):
 PSYoungGen      total 559104K, used 19736K [0x000000076ab00000, 0x0000000799880000, 0x00000007c0000000)
  eden space 449536K, 0% used [0x000000076ab00000,0x000000076ab00000,0x0000000786200000)
  from space 109568K, 18% used [0x0000000786200000,0x0000000787546138,0x000000078cd00000)
  to   space 113664K, 0% used [0x0000000792980000,0x0000000792980000,0x0000000799880000)
 ParOldGen       total 509952K, used 310857K [0x00000006c0000000, 0x00000006df200000, 0x000000076ab00000)
  object space 509952K, 60% used [0x00000006c0000000,0x00000006d2f925b8,0x00000006df200000)
 Metaspace       used 6389K, capacity 7216K, committed 7296K, reserved 1056768K
  class space    used 589K, capacity 616K, committed 640K, reserved 1048576K
}
Event: 14.228 GC heap before
{Heap before GC invocations=15 (full 3):
 PSYoungGen      total 559104K, used 469272K [0x000000076ab00000, 0x0000000799880000, 0x00000007c0000000)
  eden space 449536K, 100% used [0x000000076ab00000,0x0000000786200000,0x0000000786200000)
  from space 109568K, 18% used [0x0000000786200000,0x0000000787546138,0x000000078cd00000)
  to   space 113664K, 0% used [0x0000000792980000,0x0000000792980000,0x0000000799880000)
 ParOldGen       total 509952K, used 310857K [0x00000006c0000000, 0x00000006df200000, 0x000000076ab00000)
  object space 509952K, 60% used [0x00000006c0000000,0x00000006d2f925b8,0x00000006df200000)
 Metaspace       used 6392K, capacity 7216K, committed 7296K, reserved 1056768K
  class space    used 589K, capacity 616K, committed 640K, reserved 1048576K
Event: 14.349 GC heap after
Heap after GC invocations=15 (full 3):
 PSYoungGen      total 608768K, used 91942K [0x000000076ab00000, 0x0000000798c80000, 0x00000007c0000000)
  eden space 507392K, 0% used [0x000000076ab00000,0x000000076ab00000,0x0000000789a80000)
  from space 101376K, 90% used [0x0000000792980000,0x0000000798349b20,0x0000000798c80000)
  to   space 123904K, 0% used [0x0000000789a80000,0x0000000789a80000,0x0000000791380000)
 ParOldGen       total 509952K, used 310857K [0x00000006c0000000, 0x00000006df200000, 0x000000076ab00000)
  object space 509952K, 60% used [0x00000006c0000000,0x00000006d2f925b8,0x00000006df200000)
 Metaspace       used 6392K, capacity 7216K, committed 7296K, reserved 1056768K
  class space    used 589K, capacity 616K, committed 640K, reserved 1048576K
}
Event: 15.317 GC heap before
{Heap before GC invocations=16 (full 3):
 PSYoungGen      total 608768K, used 599334K [0x000000076ab00000, 0x0000000798c80000, 0x00000007c0000000)
  eden space 507392K, 100% used [0x000000076ab00000,0x0000000789a80000,0x0000000789a80000)
  from space 101376K, 90% used [0x0000000792980000,0x0000000798349b20,0x0000000798c80000)
  to   space 123904K, 0% used [0x0000000789a80000,0x0000000789a80000,0x0000000791380000)
 ParOldGen       total 509952K, used 310857K [0x00000006c0000000, 0x00000006df200000, 0x000000076ab00000)
  object space 509952K, 60% used [0x00000006c0000000,0x00000006d2f925b8,0x00000006df200000)
 Metaspace       used 6404K, capacity 7216K, committed 7296K, reserved 1056768K
  class space    used 590K, capacity 616K, committed 640K, reserved 1048576K
Event: 15.448 GC heap after
Heap after GC invocations=16 (full 3):
 PSYoungGen      total 631296K, used 123900K [0x000000076ab00000, 0x00000007a2000000, 0x00000007c0000000)
  eden space 507392K, 0% used [0x000000076ab00000,0x000000076ab00000,0x0000000789a80000)
  from space 123904K, 99% used [0x0000000789a80000,0x000000079137f158,0x0000000791380000)
  to   space 160256K, 0% used [0x0000000798380000,0x0000000798380000,0x00000007a2000000)
 ParOldGen       total 509952K, used 354854K [0x00000006c0000000, 0x00000006df200000, 0x000000076ab00000)
  object space 509952K, 69% used [0x00000006c0000000,0x00000006d5a89b08,0x00000006df200000)
 Metaspace       used 6404K, capacity 7216K, committed 7296K, reserved 1056768K
  class space    used 590K, capacity 616K, committed 640K, reserved 1048576K
}

Deoptimization events (10 events):
Event: 14.426 Thread 0x000000000280e000 Uncommon trap: reason=class_check action=maybe_recompile pc=0x000000000304ade4 method=com.android.dx.ssa.SsaConverter.placePhiFunctions(Lcom/android/dx/ssa/SsaMethod;Lcom/android/dx/ssa/LocalVariableInfo;I)V @ 266
Event: 14.426 Thread 0x000000000280e000 Uncommon trap: reason=class_check action=maybe_recompile pc=0x000000000304ade4 method=com.android.dx.ssa.SsaConverter.placePhiFunctions(Lcom/android/dx/ssa/SsaMethod;Lcom/android/dx/ssa/LocalVariableInfo;I)V @ 266
Event: 14.426 Thread 0x000000000280e000 Uncommon trap: reason=class_check action=maybe_recompile pc=0x000000000304ade4 method=com.android.dx.ssa.SsaConverter.placePhiFunctions(Lcom/android/dx/ssa/SsaMethod;Lcom/android/dx/ssa/LocalVariableInfo;I)V @ 266
Event: 14.685 Thread 0x000000000280e000 Uncommon trap: reason=unstable_if action=reinterpret pc=0x0000000002d614a0 method=java.util.HashMap$TreeNode.find(ILjava/lang/Object;Ljava/lang/Class;)Ljava/util/HashMap$TreeNode; @ 102
Event: 14.860 Thread 0x000000000280e000 Uncommon trap: reason=predicate action=maybe_recompile pc=0x0000000002bd6314 method=java.util.ArrayList.indexOf(Ljava/lang/Object;)I @ 44
Event: 14.860 Thread 0x000000000280e000 Uncommon trap: reason=unstable_if action=reinterpret pc=0x0000000002cc3100 method=com.android.dx.ssa.SsaMethod.deleteInsns(Ljava/util/Set;)V @ 130
Event: 14.861 Thread 0x000000000280e000 Uncommon trap: reason=unstable_if action=reinterpret pc=0x00000000030f44f4 method=com.android.dx.ssa.PhiInsn.getSources()Lcom/android/dx/rop/code/RegisterSpecList; @ 19
Event: 14.861 Thread 0x000000000280e000 Uncommon trap: reason=unstable_if action=reinterpret pc=0x00000000030be764 method=com.android.dx.ssa.PhiInsn.getSources()Lcom/android/dx/rop/code/RegisterSpecList; @ 19
Event: 14.884 Thread 0x000000000280e000 Uncommon trap: reason=bimorphic action=maybe_recompile pc=0x0000000002fd4f28 method=com.android.dx.ssa.LiteralOpUpgrader.tryReplacingWithConstant(Lcom/android/dx/ssa/NormalSsaInsn;)Z @ 62
Event: 15.548 Thread 0x000000000280e000 Uncommon trap: reason=bimorphic action=maybe_recompile pc=0x0000000002fd4f28 method=com.android.dx.ssa.LiteralOpUpgrader.tryReplacingWithConstant(Lcom/android/dx/ssa/NormalSsaInsn;)Z @ 62

Classes redefined (0 events):
No events

Internal exceptions (9 events):
Event: 0.034 Thread 0x000000000280e000 Exception <a 'java/lang/NoSuchMethodError': Method sun.misc.Unsafe.defineClass(Ljava/lang/String;[BII)Ljava/lang/Class; name or signature does not match> (0x000000076ab07ca8) thrown at [D:\src\AOSP-openjdk-cygwin\jdk8u\hotspot\src\share\vm\prims\jni.cpp, 
Event: 0.034 Thread 0x000000000280e000 Exception <a 'java/lang/NoSuchMethodError': Method sun.misc.Unsafe.prefetchRead(Ljava/lang/Object;J)V name or signature does not match> (0x000000076ab07f90) thrown at [D:\src\AOSP-openjdk-cygwin\jdk8u\hotspot\src\share\vm\prims\jni.cpp, line 4011]
Event: 0.592 Thread 0x000000000280e000 Implicit null exception at 0x0000000002b1d422 to 0x0000000002b1d522
Event: 1.437 Thread 0x000000000280e000 Exception <a 'java/lang/ArrayIndexOutOfBoundsException': 18> (0x000000076c6d9f50) thrown at [D:\src\AOSP-openjdk-cygwin\jdk8u\hotspot\src\share\vm\interpreter\interpreterRuntime.cpp, line 366]
Event: 1.438 Thread 0x000000000280e000 Exception <a 'java/lang/ArrayIndexOutOfBoundsException': 145> (0x000000076c6dbad0) thrown at [D:\src\AOSP-openjdk-cygwin\jdk8u\hotspot\src\share\vm\interpreter\interpreterRuntime.cpp, line 366]
Event: 1.439 Thread 0x000000000280e000 Exception <a 'java/lang/ArrayIndexOutOfBoundsException'> (0x000000076c6dcdb8) thrown at [D:\src\AOSP-openjdk-cygwin\jdk8u\hotspot\src\share\vm\runtime\sharedRuntime.cpp, line 605]
Event: 7.624 Thread 0x000000000280e000 Implicit null exception at 0x000000000296cd10 to 0x000000000296d6a1
Event: 13.584 Thread 0x000000000280e000 Implicit null exception at 0x0000000002fcea49 to 0x0000000002fd05dd
Event: 13.584 Thread 0x000000000280e000 Implicit null exception at 0x00000000029e634d to 0x00000000029e6665

Events (10 events):
Event: 14.907 Thread 0x000000000280e000 DEOPT UNPACKING pc=0x00000000028575d0 sp=0x00000000025ee250 mode 0
Event: 14.919 Thread 0x000000000280e000 DEOPT PACKING pc=0x0000000002e21fb6 sp=0x00000000025ee570
Event: 14.919 Thread 0x000000000280e000 DEOPT UNPACKING pc=0x00000000028575d0 sp=0x00000000025ee350 mode 0
Event: 14.928 Thread 0x000000000280e000 DEOPT PACKING pc=0x0000000002e21fb6 sp=0x00000000025ee570
Event: 14.928 Thread 0x000000000280e000 DEOPT UNPACKING pc=0x00000000028575d0 sp=0x00000000025ee350 mode 0
Event: 15.317 Executing VM operation: ParallelGCFailedAllocation
Event: 15.448 Executing VM operation: ParallelGCFailedAllocation done
Event: 15.548 Thread 0x000000000280e000 Uncommon trap: trap_request=0xffffffc6 fr.pc=0x0000000002fd4f28
Event: 15.548 Thread 0x000000000280e000 DEOPT PACKING pc=0x0000000002fd4f28 sp=0x00000000025ee550
Event: 15.548 Thread 0x000000000280e000 DEOPT UNPACKING pc=0x000000000285557b sp=0x00000000025ee4f0 mode 2


Dynamic libraries:
0x00007ff7af270000 - 0x00007ff7af2a1000 	C:\Program Files\Android\Android Studio\jre\bin\java.exe
0x00007ffdcad50000 - 0x00007ffdcaf31000 	C:\WINDOWS\SYSTEM32\ntdll.dll
0x00007ffdcaa50000 - 0x00007ffdcab01000 	C:\WINDOWS\System32\KERNEL32.DLL
0x00007ffdc7830000 - 0x00007ffdc7aa3000 	C:\WINDOWS\System32\KERNELBASE.dll
0x00007ffdc8240000 - 0x00007ffdc82e1000 	C:\WINDOWS\System32\ADVAPI32.dll
0x00007ffdc98e0000 - 0x00007ffdc997e000 	C:\WINDOWS\System32\msvcrt.dll
0x00007ffdcacc0000 - 0x00007ffdcad1b000 	C:\WINDOWS\System32\sechost.dll
0x00007ffdc9a10000 - 0x00007ffdc9b34000 	C:\WINDOWS\System32\RPCRT4.dll
0x00007ffdc9cc0000 - 0x00007ffdc9e50000 	C:\WINDOWS\System32\USER32.dll
0x00007ffdc80e0000 - 0x00007ffdc8100000 	C:\WINDOWS\System32\win32u.dll
0x00007ffdc83d0000 - 0x00007ffdc83f8000 	C:\WINDOWS\System32\GDI32.dll
0x00007ffdc7ab0000 - 0x00007ffdc7c41000 	C:\WINDOWS\System32\gdi32full.dll
0x00007ffdc7e90000 - 0x00007ffdc7f2f000 	C:\WINDOWS\System32\msvcp_win.dll
0x00007ffdc7fe0000 - 0x00007ffdc80d8000 	C:\WINDOWS\System32\ucrtbase.dll
0x00007ffdc0210000 - 0x00007ffdc0479000 	C:\WINDOWS\WinSxS\amd64_microsoft.windows.common-controls_6595b64144ccf1df_6.0.17134.829_none_fb46a5473061b9d5\COMCTL32.dll
0x00007ffdca200000 - 0x00007ffdca522000 	C:\WINDOWS\System32\combase.dll
0x00007ffdc8100000 - 0x00007ffdc817a000 	C:\WINDOWS\System32\bcryptPrimitives.dll
0x00007ffdc9980000 - 0x00007ffdc99ad000 	C:\WINDOWS\System32\IMM32.DLL
0x0000000057f50000 - 0x0000000058022000 	C:\Program Files\Android\Android Studio\jre\jre\bin\msvcr100.dll
0x0000000054f20000 - 0x0000000055761000 	C:\Program Files\Android\Android Studio\jre\jre\bin\server\jvm.dll
0x00007ffdca070000 - 0x00007ffdca078000 	C:\WINDOWS\System32\PSAPI.DLL
0x00007ffdb82c0000 - 0x00007ffdb82c9000 	C:\WINDOWS\SYSTEM32\WSOCK32.dll
0x00007ffdc1c70000 - 0x00007ffdc1c7a000 	C:\WINDOWS\SYSTEM32\VERSION.dll
0x00007ffdc53e0000 - 0x00007ffdc5403000 	C:\WINDOWS\SYSTEM32\WINMM.dll
0x00007ffdca530000 - 0x00007ffdca59c000 	C:\WINDOWS\System32\WS2_32.dll
0x00007ffdc53b0000 - 0x00007ffdc53da000 	C:\WINDOWS\SYSTEM32\winmmbase.dll
0x00007ffdc7e40000 - 0x00007ffdc7e89000 	C:\WINDOWS\System32\cfgmgr32.dll
0x00007ffdb0920000 - 0x00007ffdb092f000 	C:\Program Files\Android\Android Studio\jre\jre\bin\verify.dll
0x00007ffd930b0000 - 0x00007ffd930d9000 	C:\Program Files\Android\Android Studio\jre\jre\bin\java.dll
0x00007ffd9e040000 - 0x00007ffd9e056000 	C:\Program Files\Android\Android Studio\jre\jre\bin\zip.dll
0x00007ffdc84a0000 - 0x00007ffdc98e0000 	C:\WINDOWS\System32\SHELL32.dll
0x00007ffdcab10000 - 0x00007ffdcabb9000 	C:\WINDOWS\System32\shcore.dll
0x00007ffdc7120000 - 0x00007ffdc782d000 	C:\WINDOWS\System32\windows.storage.dll
0x00007ffdc81e0000 - 0x00007ffdc8231000 	C:\WINDOWS\System32\shlwapi.dll
0x00007ffdc7060000 - 0x00007ffdc7071000 	C:\WINDOWS\System32\kernel.appcore.dll
0x00007ffdc70b0000 - 0x00007ffdc70cf000 	C:\WINDOWS\System32\profapi.dll
0x00007ffdc70d0000 - 0x00007ffdc711c000 	C:\WINDOWS\System32\powrprof.dll
0x00007ffdc7080000 - 0x00007ffdc708a000 	C:\WINDOWS\System32\FLTLIB.DLL

VM Arguments:
jvm_args: -Djava.awt.headless=true -Xmx4g -Dfile.encoding=windows-1252 -Duser.country=US -Duser.language=en -Duser.variant 
java_command: com.android.dx.command.Main --dex --multi-dex --main-dex-list C:\Users\Asus\AndroidStudioProjects\LastJuneChatApps\ParseStarterProject\build\intermediates\multi-dex\debug\maindexlist.txt --output C:\Users\Asus\AndroidStudioProjects\LastJuneChatApps\ParseStarterProject\build\intermediates\transforms\dex\debug\folders\1000\1f\main C:\Users\Asus\AndroidStudioProjects\LastJuneChatApps\ParseStarterProject\build\intermediates\transforms\jarMerging\debug\jars\1\1f\combined.jar
java_class_path (initial): C:\Users\Asus\AppData\Local\Android\Sdk\build-tools\22.0.1\lib\dx.jar
Launcher Type: SUN_STANDARD

Environment Variables:
PATH=C:\oraclexe\app\oracle\product\11.2.0\server\bin;C:\ProgramData\Oracle\Java\javapath;C:\Program Files (x86)\Intel\iCLS Client\;C:\Program Files\Intel\iCLS Client\;C:\Windows\system32;C:\Windows;C:\Windows\System32\Wbem;C:\Windows\System32\WindowsPowerShell\v1.0\;C:\Program Files (x86)\Intel\Intel(R) Management Engine Components\DAL;C:\Program Files\Intel\Intel(R) Management Engine Components\DAL;C:\Program Files (x86)\Intel\Intel(R) Management Engine Components\IPT;C:\Program Files\Intel\Intel(R) Management Engine Components\IPT;C:\Program Files (x86)\NVIDIA Corporation\PhysX\Common;C:\WINDOWS\system32;C:\WINDOWS;C:\WINDOWS\System32\Wbem;C:\WINDOWS\System32\WindowsPowerShell\v1.0\;C:\WINDOWS\System32\OpenSSH\;C:\Program Files\Java\jdk1.8.0_111\bin;C:\Users\Asus\AppData\Local\Microsoft\WindowsApps;C:\adb;C:\Program Files\NVIDIA Corporation\NVIDIA NvDLISR;C:\Program Files\Git\cmd;C:\Program Files\Java\jdk1.8.0_111\bin;%USERPROFILE%\AppData\Local\Microsoft\WindowsApps;
USERNAME=Asus
OS=Windows_NT
PROCESSOR_IDENTIFIER=Intel64 Family 6 Model 60 Stepping 3, GenuineIntel



---------------  S Y S T E M  ---------------

OS: Windows 10.0 , 64 bit Build 17134 (10.0.17134.753)

CPU:total 8 (initial active 8) (4 cores per cpu, 2 threads per core) family 6 model 60 stepping 3, cmov, cx8, fxsr, mmx, sse, sse2, sse3, ssse3, sse4.1, sse4.2, popcnt, avx, avx2, aes, clmul, erms, lzcnt, ht, tsc, tscinvbit, bmi1, bmi2

Memory: 4k page, physical 8274920k(767012k free), swap 12469224k(3228k free)

vm_info: OpenJDK 64-Bit Server VM (25.152-b01) for windows-amd64 JRE (1.8.0_152-release-1343-b01), built by "builder" with MS VC++ 10.0 (VS2010)

time: Tue Jun 25 15:09:04 2019
elapsed time: 15 seconds (0d 0h 0m 15s)

