#
# There is insufficient memory for the Java Runtime Environment to continue.
# Native memory allocation (malloc) failed to allocate 1291152 bytes for Chunk::new
# Possible reasons:
#   The system is out of physical RAM or swap space
#   In 32 bit mode, the process size limit was hit
# Possible solutions:
#   Reduce memory load on the system
#   Increase physical memory or swap space
#   Check if swap backing store is full
#   Use 64 bit Java on a 64 bit OS
#   Decrease Java heap size (-Xmx/-Xms)
#   Decrease number of Java threads
#   Decrease Java thread stack sizes (-Xss)
#   Set larger code cache with -XX:ReservedCodeCacheSize=
# This output file may be truncated or incomplete.
#
#  Out of Memory Error (allocation.cpp:390), pid=8368, tid=0x00000000000023f8
#
# JRE version: OpenJDK Runtime Environment (8.0_152-b01) (build 1.8.0_152-release-1343-b01)
# Java VM: OpenJDK 64-Bit Server VM (25.152-b01 mixed mode windows-amd64 compressed oops)
# Failed to write core dump. Minidumps are not enabled by default on client versions of Windows
#

---------------  T H R E A D  ---------------

Current thread (0x000000001ef10800):  JavaThread "C2 CompilerThread2" daemon [_thread_in_native, id=9208, stack(0x000000001f8d0000,0x000000001f9d0000)]

Stack: [0x000000001f8d0000,0x000000001f9d0000]
[error occurred during error reporting (printing stack bounds), id 0xc0000005]

Native frames: (J=compiled Java code, j=interpreted, Vv=VM code, C=native code)


Current CompileTask:
C2:  36856 3070       4       com.android.dx.dex.file.ClassDataItem::addContents (207 bytes)


---------------  P R O C E S S  ---------------

Java Threads: ( => current thread )
  0x000000001efa5800 JavaThread "Service Thread" daemon [_thread_blocked, id=12832, stack(0x000000001fad0000,0x000000001fbd0000)]
  0x000000001ef22000 JavaThread "C1 CompilerThread3" daemon [_thread_blocked, id=1832, stack(0x000000001f9d0000,0x000000001fad0000)]
=>0x000000001ef10800 JavaThread "C2 CompilerThread2" daemon [_thread_in_native, id=9208, stack(0x000000001f8d0000,0x000000001f9d0000)]
  0x000000001ef0b000 JavaThread "C2 CompilerThread1" daemon [_thread_in_native, id=9792, stack(0x000000001f7d0000,0x000000001f8d0000)]
  0x000000001ef08000 JavaThread "C2 CompilerThread0" daemon [_thread_in_native, id=14872, stack(0x000000001f6d0000,0x000000001f7d0000)]
  0x000000001ef07000 JavaThread "Attach Listener" daemon [_thread_blocked, id=9460, stack(0x000000001f5d0000,0x000000001f6d0000)]
  0x000000001ef06000 JavaThread "Signal Dispatcher" daemon [_thread_blocked, id=14796, stack(0x000000001f4d0000,0x000000001f5d0000)]
  0x000000001cfe2000 JavaThread "Finalizer" daemon [_thread_blocked, id=4412, stack(0x000000001f2e0000,0x000000001f3e0000)]
  0x00000000034b7000 JavaThread "Reference Handler" daemon [_thread_blocked, id=3552, stack(0x000000001ede0000,0x000000001eee0000)]
  0x00000000033be000 JavaThread "main" [_thread_in_Java, id=11524, stack(0x0000000003220000,0x0000000003320000)]

Other Threads:
  0x000000001cfd7800 VMThread [stack: 0x000000001ece0000,0x000000001ede0000] [id=13584]
  0x000000001ef66000 WatcherThread [stack: 0x000000001fbd0000,0x000000001fcd0000] [id=13440]

VM state:not at safepoint (normal execution)

VM Mutex/Monitor currently owned by a thread: None

Heap:
 PSYoungGen      total 629248K, used 299498K [0x000000076ab00000, 0x00000007a1680000, 0x00000007c0000000)
  eden space 503808K, 59% used [0x000000076ab00000,0x000000077cf7a828,0x0000000789700000)
  from space 125440K, 0% used [0x0000000789700000,0x0000000789700000,0x0000000791180000)
  to   space 161792K, 0% used [0x0000000797880000,0x0000000797880000,0x00000007a1680000)
 ParOldGen       total 534528K, used 534153K [0x00000006c0000000, 0x00000006e0a00000, 0x000000076ab00000)
  object space 534528K, 99% used [0x00000006c0000000,0x00000006e09a2770,0x00000006e0a00000)
 Metaspace       used 6509K, capacity 7280K, committed 7552K, reserved 1056768K
  class space    used 596K, capacity 616K, committed 640K, reserved 1048576K

Card table byte_map: [0x0000000012880000,0x0000000013090000] byte_map_base: 0x000000000f280000

Marking Bits: (ParMarkBitMap*) 0x00000000556e5aa0
 Begin Bits: [0x0000000013df0000, 0x0000000017df0000)
 End Bits:   [0x0000000017df0000, 0x000000001bdf0000)

Polling page: 0x00000000013c0000

CodeCache: size=245760Kb used=10992Kb max_used=13991Kb free=234767Kb
 bounds [0x00000000034c0000, 0x0000000004290000, 0x00000000124c0000]
 total_blobs=2547 nmethods=2280 adapters=180
 compilation: enabled

Compilation events (10 events):
Event: 36.631 Thread 0x000000001ef08000 nmethod 3123 0x0000000003b648d0 code [0x0000000003b64a40, 0x0000000003b64d18]
Event: 36.631 Thread 0x000000001ef08000 3121       4       java.util.HashMap$HashIterator::<init> (79 bytes)
Event: 36.634 Thread 0x000000001ef08000 nmethod 3121 0x0000000003eb5810 code [0x0000000003eb5960, 0x0000000003eb5c38]
Event: 36.634 Thread 0x000000001ef08000 3076       4       java.util.ComparableTimSort::countRunAndMakeAscending (123 bytes)
Event: 36.698 Thread 0x000000001ef22000 3126 %     3       com.android.dx.dex.code.StdCatchBuilder::getCatchTypes @ 62 (97 bytes)
Event: 36.699 Thread 0x000000001ef22000 nmethod 3126% 0x0000000003cdead0 code [0x0000000003cdeda0, 0x0000000003ce04f8]
Event: 36.706 Thread 0x000000001ef08000 nmethod 3076 0x0000000003797450 code [0x0000000003797740, 0x000000000379a878]
Event: 36.706 Thread 0x000000001ef08000 3125       4       com.android.dx.dex.file.CodeItem::addContents (174 bytes)
Event: 36.743 Thread 0x000000001ef22000 3127       3       com.android.dx.dex.code.StdCatchBuilder::getCatchTypes (97 bytes)
Event: 36.743 Thread 0x000000001ef22000 nmethod 3127 0x0000000003897f10 code [0x00000000038981e0, 0x00000000038997d8]

GC Heap History (10 events):
Event: 18.272 GC heap before
{Heap before GC invocations=20 (full 5):
 PSYoungGen      total 629248K, used 621107K [0x000000076ab00000, 0x00000007a1680000, 0x00000007c0000000)
  eden space 503808K, 100% used [0x000000076ab00000,0x0000000789700000,0x0000000789700000)
  from space 125440K, 93% used [0x0000000789700000,0x000000079098ce68,0x0000000791180000)
  to   space 161792K, 0% used [0x0000000797880000,0x0000000797880000,0x00000007a1680000)
 ParOldGen       total 534528K, used 534443K [0x00000006c0000000, 0x00000006e0a00000, 0x000000076ab00000)
  object space 534528K, 99% used [0x00000006c0000000,0x00000006e09eaf20,0x00000006e0a00000)
 Metaspace       used 6398K, capacity 7216K, committed 7296K, reserved 1056768K
  class space    used 590K, capacity 616K, committed 640K, reserved 1048576K
Event: 21.055 GC heap after
Heap after GC invocations=20 (full 5):
 PSYoungGen      total 629248K, used 153344K [0x000000076ab00000, 0x00000007a1680000, 0x00000007c0000000)
  eden space 503808K, 30% used [0x000000076ab00000,0x00000007740c0360,0x0000000789700000)
  from space 125440K, 0% used [0x0000000789700000,0x0000000789700000,0x0000000791180000)
  to   space 161792K, 0% used [0x0000000797880000,0x0000000797880000,0x00000007a1680000)
 ParOldGen       total 534528K, used 534436K [0x00000006c0000000, 0x00000006e0a00000, 0x000000076ab00000)
  object space 534528K, 99% used [0x00000006c0000000,0x00000006e09e90a8,0x00000006e0a00000)
 Metaspace       used 6398K, capacity 7216K, committed 7296K, reserved 1056768K
  class space    used 590K, capacity 616K, committed 640K, reserved 1048576K
}
Event: 22.015 GC heap before
{Heap before GC invocations=21 (full 6):
 PSYoungGen      total 629248K, used 503808K [0x000000076ab00000, 0x00000007a1680000, 0x00000007c0000000)
  eden space 503808K, 100% used [0x000000076ab00000,0x0000000789700000,0x0000000789700000)
  from space 125440K, 0% used [0x0000000789700000,0x0000000789700000,0x0000000791180000)
  to   space 161792K, 0% used [0x0000000797880000,0x0000000797880000,0x00000007a1680000)
 ParOldGen       total 534528K, used 534436K [0x00000006c0000000, 0x00000006e0a00000, 0x000000076ab00000)
  object space 534528K, 99% used [0x00000006c0000000,0x00000006e09e90a8,0x00000006e0a00000)
 Metaspace       used 6398K, capacity 7216K, committed 7296K, reserved 1056768K
  class space    used 590K, capacity 616K, committed 640K, reserved 1048576K
Event: 25.480 GC heap after
Heap after GC invocations=21 (full 6):
 PSYoungGen      total 629248K, used 176461K [0x000000076ab00000, 0x00000007a1680000, 0x00000007c0000000)
  eden space 503808K, 35% used [0x000000076ab00000,0x0000000775753658,0x0000000789700000)
  from space 125440K, 0% used [0x0000000789700000,0x0000000789700000,0x0000000791180000)
  to   space 161792K, 0% used [0x0000000797880000,0x0000000797880000,0x00000007a1680000)
 ParOldGen       total 534528K, used 534201K [0x00000006c0000000, 0x00000006e0a00000, 0x000000076ab00000)
  object space 534528K, 99% used [0x00000006c0000000,0x00000006e09ae7b0,0x00000006e0a00000)
 Metaspace       used 6398K, capacity 7216K, committed 7296K, reserved 1056768K
  class space    used 590K, capacity 616K, committed 640K, reserved 1048576K
}
Event: 26.289 GC heap before
{Heap before GC invocations=22 (full 7):
 PSYoungGen      total 629248K, used 503808K [0x000000076ab00000, 0x00000007a1680000, 0x00000007c0000000)
  eden space 503808K, 100% used [0x000000076ab00000,0x0000000789700000,0x0000000789700000)
  from space 125440K, 0% used [0x0000000789700000,0x0000000789700000,0x0000000791180000)
  to   space 161792K, 0% used [0x0000000797880000,0x0000000797880000,0x00000007a1680000)
 ParOldGen       total 534528K, used 534201K [0x00000006c0000000, 0x00000006e0a00000, 0x000000076ab00000)
  object space 534528K, 99% used [0x00000006c0000000,0x00000006e09ae7b0,0x00000006e0a00000)
 Metaspace       used 6398K, capacity 7216K, committed 7296K, reserved 1056768K
  class space    used 590K, capacity 616K, committed 640K, reserved 1048576K
Event: 28.163 GC heap after
Heap after GC invocations=22 (full 7):
 PSYoungGen      total 629248K, used 167676K [0x000000076ab00000, 0x00000007a1680000, 0x00000007c0000000)
  eden space 503808K, 33% used [0x000000076ab00000,0x0000000774ebf310,0x0000000789700000)
  from space 125440K, 0% used [0x0000000789700000,0x0000000789700000,0x0000000791180000)
  to   space 161792K, 0% used [0x0000000797880000,0x0000000797880000,0x00000007a1680000)
 ParOldGen       total 534528K, used 534171K [0x00000006c0000000, 0x00000006e0a00000, 0x000000076ab00000)
  object space 534528K, 99% used [0x00000006c0000000,0x00000006e09a6d40,0x00000006e0a00000)
 Metaspace       used 6398K, capacity 7216K, committed 7296K, reserved 1056768K
  class space    used 590K, capacity 616K, committed 640K, reserved 1048576K
}
Event: 28.800 GC heap before
{Heap before GC invocations=23 (full 8):
 PSYoungGen      total 629248K, used 503808K [0x000000076ab00000, 0x00000007a1680000, 0x00000007c0000000)
  eden space 503808K, 100% used [0x000000076ab00000,0x0000000789700000,0x0000000789700000)
  from space 125440K, 0% used [0x0000000789700000,0x0000000789700000,0x0000000791180000)
  to   space 161792K, 0% used [0x0000000797880000,0x0000000797880000,0x00000007a1680000)
 ParOldGen       total 534528K, used 534171K [0x00000006c0000000, 0x00000006e0a00000, 0x000000076ab00000)
  object space 534528K, 99% used [0x00000006c0000000,0x00000006e09a6d40,0x00000006e0a00000)
 Metaspace       used 6399K, capacity 7216K, committed 7296K, reserved 1056768K
  class space    used 590K, capacity 616K, committed 640K, reserved 1048576K
Event: 32.409 GC heap after
Heap after GC invocations=23 (full 8):
 PSYoungGen      total 629248K, used 218860K [0x000000076ab00000, 0x00000007a1680000, 0x00000007c0000000)
  eden space 503808K, 43% used [0x000000076ab00000,0x00000007780bb0d8,0x0000000789700000)
  from space 125440K, 0% used [0x0000000789700000,0x0000000789700000,0x0000000791180000)
  to   space 161792K, 0% used [0x0000000797880000,0x0000000797880000,0x00000007a1680000)
 ParOldGen       total 534528K, used 534158K [0x00000006c0000000, 0x00000006e0a00000, 0x000000076ab00000)
  object space 534528K, 99% used [0x00000006c0000000,0x00000006e09a3b10,0x00000006e0a00000)
 Metaspace       used 6399K, capacity 7216K, committed 7296K, reserved 1056768K
  class space    used 590K, capacity 616K, committed 640K, reserved 1048576K
}
Event: 32.930 GC heap before
{Heap before GC invocations=24 (full 9):
 PSYoungGen      total 629248K, used 503808K [0x000000076ab00000, 0x00000007a1680000, 0x00000007c0000000)
  eden space 503808K, 100% used [0x000000076ab00000,0x0000000789700000,0x0000000789700000)
  from space 125440K, 0% used [0x0000000789700000,0x0000000789700000,0x0000000791180000)
  to   space 161792K, 0% used [0x0000000797880000,0x0000000797880000,0x00000007a1680000)
 ParOldGen       total 534528K, used 534158K [0x00000006c0000000, 0x00000006e0a00000, 0x000000076ab00000)
  object space 534528K, 99% used [0x00000006c0000000,0x00000006e09a3b10,0x00000006e0a00000)
 Metaspace       used 6400K, capacity 7216K, committed 7296K, reserved 1056768K
  class space    used 590K, capacity 616K, committed 640K, reserved 1048576K
Event: 36.292 GC heap after
Heap after GC invocations=24 (full 9):
 PSYoungGen      total 629248K, used 264639K [0x000000076ab00000, 0x00000007a1680000, 0x00000007c0000000)
  eden space 503808K, 52% used [0x000000076ab00000,0x000000077ad6fef0,0x0000000789700000)
  from space 125440K, 0% used [0x0000000789700000,0x0000000789700000,0x0000000791180000)
  to   space 161792K, 0% used [0x0000000797880000,0x0000000797880000,0x00000007a1680000)
 ParOldGen       total 534528K, used 534153K [0x00000006c0000000, 0x00000006e0a00000, 0x000000076ab00000)
  object space 534528K, 99% used [0x00000006c0000000,0x00000006e09a2770,0x00000006e0a00000)
 Metaspace       used 6400K, capacity 7216K, committed 7296K, reserved 1056768K
  class space    used 590K, capacity 616K, committed 640K, reserved 1048576K
}

Deoptimization events (10 events):
Event: 36.309 Thread 0x00000000033be000 Uncommon trap: reason=unstable_if action=reinterpret pc=0x00000000039fccd8 method=com.android.dx.command.dexer.Main.processClass(Ljava/lang/String;[B)Z @ 158
Event: 36.325 Thread 0x00000000033be000 Uncommon trap: reason=class_check action=maybe_recompile pc=0x00000000038eee00 method=java.util.Arrays.hashCode([Ljava/lang/Object;)I @ 43
Event: 36.325 Thread 0x00000000033be000 Uncommon trap: reason=class_check action=maybe_recompile pc=0x00000000038eee00 method=java.util.Arrays.hashCode([Ljava/lang/Object;)I @ 43
Event: 36.325 Thread 0x00000000033be000 Uncommon trap: reason=class_check action=maybe_recompile pc=0x00000000038eee00 method=java.util.Arrays.hashCode([Ljava/lang/Object;)I @ 43
Event: 36.325 Thread 0x00000000033be000 Uncommon trap: reason=class_check action=maybe_recompile pc=0x00000000038eee00 method=java.util.Arrays.hashCode([Ljava/lang/Object;)I @ 43
Event: 36.325 Thread 0x00000000033be000 Uncommon trap: reason=class_check action=maybe_recompile pc=0x00000000038ee1b4 method=java.util.Arrays.hashCode([Ljava/lang/Object;)I @ 43
Event: 36.325 Thread 0x00000000033be000 Uncommon trap: reason=unstable_if action=reinterpret pc=0x0000000003aec400 method=java.util.Arrays.sort([Ljava/lang/Object;IILjava/util/Comparator;)V @ 1
Event: 36.644 Thread 0x00000000033be000 Uncommon trap: reason=speculate_class_check action=maybe_recompile pc=0x00000000035e5118 method=java.util.HashMap.comparableClassFor(Ljava/lang/Object;)Ljava/lang/Class; @ 15
Event: 36.644 Thread 0x00000000033be000 Uncommon trap: reason=speculate_class_check action=maybe_recompile pc=0x00000000035e5118 method=java.util.HashMap.comparableClassFor(Ljava/lang/Object;)Ljava/lang/Class; @ 15
Event: 36.644 Thread 0x00000000033be000 Uncommon trap: reason=speculate_class_check action=maybe_recompile pc=0x00000000035e5118 method=java.util.HashMap.comparableClassFor(Ljava/lang/Object;)Ljava/lang/Class; @ 15

Classes redefined (0 events):
No events

Internal exceptions (10 events):
Event: 0.034 Thread 0x00000000033be000 Exception <a 'java/lang/NoSuchMethodError': Method sun.misc.Unsafe.prefetchRead(Ljava/lang/Object;J)V name or signature does not match> (0x000000076ab07f90) thrown at [D:\src\AOSP-openjdk-cygwin\jdk8u\hotspot\src\share\vm\prims\jni.cpp, line 4011]
Event: 0.496 Thread 0x00000000033be000 Implicit null exception at 0x000000000379ffe2 to 0x00000000037a00e2
Event: 1.028 Thread 0x00000000033be000 Exception <a 'java/lang/ArrayIndexOutOfBoundsException': 18> (0x000000076c6d55c8) thrown at [D:\src\AOSP-openjdk-cygwin\jdk8u\hotspot\src\share\vm\interpreter\interpreterRuntime.cpp, line 366]
Event: 1.028 Thread 0x00000000033be000 Exception <a 'java/lang/ArrayIndexOutOfBoundsException': 145> (0x000000076c6d7148) thrown at [D:\src\AOSP-openjdk-cygwin\jdk8u\hotspot\src\share\vm\interpreter\interpreterRuntime.cpp, line 366]
Event: 1.029 Thread 0x00000000033be000 Exception <a 'java/lang/ArrayIndexOutOfBoundsException'> (0x000000076c6d8430) thrown at [D:\src\AOSP-openjdk-cygwin\jdk8u\hotspot\src\share\vm\runtime\sharedRuntime.cpp, line 605]
Event: 4.779 Thread 0x00000000033be000 Implicit null exception at 0x0000000003625d10 to 0x00000000036266a1
Event: 10.337 Thread 0x00000000033be000 Implicit null exception at 0x0000000003c158e1 to 0x0000000003c174e9
Event: 10.337 Thread 0x00000000033be000 Implicit null exception at 0x00000000035c0fcd to 0x00000000035c12e5
Event: 13.298 Thread 0x00000000033be000 Implicit null exception at 0x0000000003f01f4c to 0x0000000003f02052
Event: 13.745 Thread 0x00000000033be000 Implicit null exception at 0x0000000003d6482c to 0x0000000003d6484e

Events (10 events):
Event: 36.848 Thread 0x00000000033be000 DEOPT PACKING pc=0x0000000003807b2f sp=0x000000000331eb10
Event: 36.848 Thread 0x00000000033be000 DEOPT UNPACKING pc=0x00000000035075d0 sp=0x000000000331e890 mode 0
Event: 36.849 Thread 0x00000000033be000 DEOPT PACKING pc=0x0000000003807b2f sp=0x000000000331eb10
Event: 36.849 Thread 0x00000000033be000 DEOPT UNPACKING pc=0x00000000035075d0 sp=0x000000000331e890 mode 0
Event: 36.850 Thread 0x00000000033be000 DEOPT PACKING pc=0x0000000003807b2f sp=0x000000000331eb10
Event: 36.850 Thread 0x00000000033be000 DEOPT UNPACKING pc=0x00000000035075d0 sp=0x000000000331e890 mode 0
Event: 36.851 Thread 0x00000000033be000 DEOPT PACKING pc=0x0000000003807b2f sp=0x000000000331eb10
Event: 36.851 Thread 0x00000000033be000 DEOPT UNPACKING pc=0x00000000035075d0 sp=0x000000000331e890 mode 0
Event: 36.852 Thread 0x00000000033be000 DEOPT PACKING pc=0x0000000003807b2f sp=0x000000000331eb10
Event: 36.852 Thread 0x00000000033be000 DEOPT UNPACKING pc=0x00000000035075d0 sp=0x000000000331e890 mode 0


Dynamic libraries:
0x00007ff7af270000 - 0x00007ff7af2a1000 	C:\Program Files\Android\Android Studio\jre\bin\java.exe
0x00007ffdcad50000 - 0x00007ffdcaf31000 	C:\WINDOWS\SYSTEM32\ntdll.dll
0x00007ffdcaa50000 - 0x00007ffdcab01000 	C:\WINDOWS\System32\KERNEL32.DLL
0x00007ffdc7830000 - 0x00007ffdc7aa3000 	C:\WINDOWS\System32\KERNELBASE.dll
0x00007ffdc8240000 - 0x00007ffdc82e1000 	C:\WINDOWS\System32\ADVAPI32.dll
0x00007ffdc98e0000 - 0x00007ffdc997e000 	C:\WINDOWS\System32\msvcrt.dll
0x00007ffdcacc0000 - 0x00007ffdcad1b000 	C:\WINDOWS\System32\sechost.dll
0x00007ffdc9a10000 - 0x00007ffdc9b34000 	C:\WINDOWS\System32\RPCRT4.dll
0x00007ffdc9cc0000 - 0x00007ffdc9e50000 	C:\WINDOWS\System32\USER32.dll
0x00007ffdc80e0000 - 0x00007ffdc8100000 	C:\WINDOWS\System32\win32u.dll
0x00007ffdc83d0000 - 0x00007ffdc83f8000 	C:\WINDOWS\System32\GDI32.dll
0x00007ffdc7ab0000 - 0x00007ffdc7c41000 	C:\WINDOWS\System32\gdi32full.dll
0x00007ffdc7e90000 - 0x00007ffdc7f2f000 	C:\WINDOWS\System32\msvcp_win.dll
0x00007ffdc7fe0000 - 0x00007ffdc80d8000 	C:\WINDOWS\System32\ucrtbase.dll
0x00007ffdc0210000 - 0x00007ffdc0479000 	C:\WINDOWS\WinSxS\amd64_microsoft.windows.common-controls_6595b64144ccf1df_6.0.17134.829_none_fb46a5473061b9d5\COMCTL32.dll
0x00007ffdca200000 - 0x00007ffdca522000 	C:\WINDOWS\System32\combase.dll
0x00007ffdc8100000 - 0x00007ffdc817a000 	C:\WINDOWS\System32\bcryptPrimitives.dll
0x00007ffdc9980000 - 0x00007ffdc99ad000 	C:\WINDOWS\System32\IMM32.DLL
0x0000000057f50000 - 0x0000000058022000 	C:\Program Files\Android\Android Studio\jre\jre\bin\msvcr100.dll
0x0000000054f20000 - 0x0000000055761000 	C:\Program Files\Android\Android Studio\jre\jre\bin\server\jvm.dll
0x00007ffdca070000 - 0x00007ffdca078000 	C:\WINDOWS\System32\PSAPI.DLL
0x00007ffdb82c0000 - 0x00007ffdb82c9000 	C:\WINDOWS\SYSTEM32\WSOCK32.dll
0x00007ffdc1c70000 - 0x00007ffdc1c7a000 	C:\WINDOWS\SYSTEM32\VERSION.dll
0x00007ffdc53e0000 - 0x00007ffdc5403000 	C:\WINDOWS\SYSTEM32\WINMM.dll
0x00007ffdca530000 - 0x00007ffdca59c000 	C:\WINDOWS\System32\WS2_32.dll
0x00007ffdc53b0000 - 0x00007ffdc53da000 	C:\WINDOWS\SYSTEM32\winmmbase.dll
0x00007ffdc7e40000 - 0x00007ffdc7e89000 	C:\WINDOWS\System32\cfgmgr32.dll
0x00007ffdb0920000 - 0x00007ffdb092f000 	C:\Program Files\Android\Android Studio\jre\jre\bin\verify.dll
0x00007ffd930b0000 - 0x00007ffd930d9000 	C:\Program Files\Android\Android Studio\jre\jre\bin\java.dll
0x00007ffd9e040000 - 0x00007ffd9e056000 	C:\Program Files\Android\Android Studio\jre\jre\bin\zip.dll
0x00007ffdc84a0000 - 0x00007ffdc98e0000 	C:\WINDOWS\System32\SHELL32.dll
0x00007ffdcab10000 - 0x00007ffdcabb9000 	C:\WINDOWS\System32\shcore.dll
0x00007ffdc7120000 - 0x00007ffdc782d000 	C:\WINDOWS\System32\windows.storage.dll
0x00007ffdc81e0000 - 0x00007ffdc8231000 	C:\WINDOWS\System32\shlwapi.dll
0x00007ffdc7060000 - 0x00007ffdc7071000 	C:\WINDOWS\System32\kernel.appcore.dll
0x00007ffdc70b0000 - 0x00007ffdc70cf000 	C:\WINDOWS\System32\profapi.dll
0x00007ffdc70d0000 - 0x00007ffdc711c000 	C:\WINDOWS\System32\powrprof.dll
0x00007ffdc7080000 - 0x00007ffdc708a000 	C:\WINDOWS\System32\FLTLIB.DLL

VM Arguments:
jvm_args: -Djava.awt.headless=true -Xmx4g -Dfile.encoding=windows-1252 -Duser.country=US -Duser.language=en -Duser.variant 
java_command: com.android.dx.command.Main --dex --multi-dex --main-dex-list C:\Users\Asus\AndroidStudioProjects\LastJuneChatApps\ParseStarterProject\build\intermediates\multi-dex\debug\maindexlist.txt --output C:\Users\Asus\AndroidStudioProjects\LastJuneChatApps\ParseStarterProject\build\intermediates\transforms\dex\debug\folders\1000\1f\main C:\Users\Asus\AndroidStudioProjects\LastJuneChatApps\ParseStarterProject\build\intermediates\transforms\jarMerging\debug\jars\1\1f\combined.jar
java_class_path (initial): C:\Users\Asus\AppData\Local\Android\Sdk\build-tools\22.0.1\lib\dx.jar
Launcher Type: SUN_STANDARD

Environment Variables:
PATH=C:\oraclexe\app\oracle\product\11.2.0\server\bin;C:\ProgramData\Oracle\Java\javapath;C:\Program Files (x86)\Intel\iCLS Client\;C:\Program Files\Intel\iCLS Client\;C:\Windows\system32;C:\Windows;C:\Windows\System32\Wbem;C:\Windows\System32\WindowsPowerShell\v1.0\;C:\Program Files (x86)\Intel\Intel(R) Management Engine Components\DAL;C:\Program Files\Intel\Intel(R) Management Engine Components\DAL;C:\Program Files (x86)\Intel\Intel(R) Management Engine Components\IPT;C:\Program Files\Intel\Intel(R) Management Engine Components\IPT;C:\Program Files (x86)\NVIDIA Corporation\PhysX\Common;C:\WINDOWS\system32;C:\WINDOWS;C:\WINDOWS\System32\Wbem;C:\WINDOWS\System32\WindowsPowerShell\v1.0\;C:\WINDOWS\System32\OpenSSH\;C:\Program Files\Java\jdk1.8.0_111\bin;C:\Users\Asus\AppData\Local\Microsoft\WindowsApps;C:\adb;C:\Program Files\NVIDIA Corporation\NVIDIA NvDLISR;C:\Program Files\Git\cmd;C:\Program Files\Java\jdk1.8.0_111\bin;%USERPROFILE%\AppData\Local\Microsoft\WindowsApps;
USERNAME=Asus
OS=Windows_NT
PROCESSOR_IDENTIFIER=Intel64 Family 6 Model 60 Stepping 3, GenuineIntel



---------------  S Y S T E M  ---------------

OS: Windows 10.0 , 64 bit Build 17134 (10.0.17134.753)

CPU:total 8 (initial active 8) (4 cores per cpu, 2 threads per core) family 6 model 60 stepping 3, cmov, cx8, fxsr, mmx, sse, sse2, sse3, ssse3, sse4.1, sse4.2, popcnt, avx, avx2, aes, clmul, erms, lzcnt, ht, tsc, tscinvbit, bmi1, bmi2

Memory: 4k page, physical 8274920k(579368k free), swap 12469224k(5804k free)

vm_info: OpenJDK 64-Bit Server VM (25.152-b01) for windows-amd64 JRE (1.8.0_152-release-1343-b01), built by "builder" with MS VC++ 10.0 (VS2010)

time: Tue Jun 25 14:58:51 2019
elapsed time: 36 seconds (0d 0h 0m 36s)

